<?xml version="1.0" encoding="utf-8"?><testsuites name="pytest tests"><testsuite name="pytest" errors="0" failures="0" skipped="0" tests="18" time="12.490" timestamp="2026-03-14T03:33:51.349186+00:00" hostname="agent-env-4c51acad-e8f7-4341-847c-4a42d3763fba"><testcase classname="tests.test_admin.TestAdminDashboard" name="test_get_dashboard_with_admin_token" time="1.184" /><testcase classname="tests.test_admin.TestAdminDashboard" name="test_get_dashboard_without_token_fails" time="0.421" /><testcase classname="tests.test_admin.TestAdminDashboard" name="test_get_all_users" time="0.498" /><testcase classname="tests.test_admin.TestWalletManagement" name="test_get_driver_wallets_empty" time="0.384" /><testcase classname="tests.test_admin.TestWalletManagement" name="test_wallet_recharge_nonexistent_driver_fails" time="0.365" /><testcase classname="tests.test_admin.TestCommissionConfig" name="test_get_commission_config" time="0.389" /><testcase classname="tests.test_admin.TestCommissionConfig" name="test_update_commission_config" time="0.743" /><testcase classname="tests.test_auth.TestHealthEndpoint" name="test_health_check_returns_200" time="0.416" /><testcase classname="tests.test_auth.TestUserRegistration" name="test_client_registration_success" time="0.893" /><testcase classname="tests.test_auth.TestUserRegistration" name="test_driver_registration_success" time="0.794" /><testcase classname="tests.test_auth.TestUserRegistration" name="test_duplicate_email_registration_fails" time="0.363" /><testcase classname="tests.test_auth.TestUserLogin" name="test_admin_login_success" time="0.582" /><testcase classname="tests.test_auth.TestUserLogin" name="test_login_wrong_password_fails" time="0.602" /><testcase classname="tests.test_auth.TestUserLogin" name="test_login_nonexistent_user_fails" time="0.391" /><testcase classname="tests.test_services.TestDriverFeatures" name="test_driver_vehicle_registration" time="1.343" /><testcase classname="tests.test_services.TestDriverFeatures" name="test_driver_availability_toggle" time="1.520" /><testcase classname="tests.test_services.TestClientServices" name="test_client_create_service" time="1.188" /><testcase classname="tests.test_services.TestOfferFlow" name="test_get_available_drivers" time="0.369" /></testsuite></testsuites>